04:59:00 **** Incremental Build of configuration Default for project AurixRacer_MAZE ****
make all 
Now Build started !!!
Building source file IR_Controller_data.c for Tricore
Building source file IR_Controller.c for Tricore
Building source file BasicPort.c for Tricore
Building source file BasicLineScan.c for Tricore
Building source file BasicStm.c for Tricore
../../MyApp/AurixRacer/0_Src/AppSw/Tricore/SnsAct/BasicStm.c:177:13: warning: 'BlinkLed_run' defined but not used [-Wunused-function]
 static void BlinkLed_run(void)
             ^
Building source file AsclinShellInterface.c for Tricore
Building source file InfineonRacer.c for Tricore
Building source file Menu.c for Tricore
Building source file Cpu0_Main.c for Tricore
Building source file Motor.c for Tricore
Building source file AppTaskFu.c for Tricore
Building source file Sensor.c for Tricore
../../MyApp/AurixRacer/0_Src/AppSw/Tricore/Algorithm/HandCode/Sensor.c: In function 'SensorMaxminSetting':
../../MyApp/AurixRacer/0_Src/AppSw/Tricore/Algorithm/HandCode/Sensor.c:96:3: warning: format '%d' expects argument of type 'int', but argument 2 has type 'int32' [-Wformat=]
   printf("[%d] %5d, [%d] %5d, [%d] %5d\n", i, g_rcsen[i].int32result, i+1, g_rcsen[i+1].int32result, i+2, g_rcsen[i+2].int32result);
   ^
../../MyApp/AurixRacer/0_Src/AppSw/Tricore/Algorithm/HandCode/Sensor.c:96:3: warning: format '%d' expects argument of type 'int', but argument 4 has type 'long int' [-Wformat=]
../../MyApp/AurixRacer/0_Src/AppSw/Tricore/Algorithm/HandCode/Sensor.c:96:3: warning: format '%d' expects argument of type 'int', but argument 6 has type 'long int' [-Wformat=]
../../MyApp/AurixRacer/0_Src/AppSw/Tricore/Algorithm/HandCode/Sensor.c:96:3: warning: format '%d' expects argument of type 'int', but argument 2 has type 'int32' [-Wformat=]
../../MyApp/AurixRacer/0_Src/AppSw/Tricore/Algorithm/HandCode/Sensor.c:96:3: warning: format '%d' expects argument of type 'int', but argument 4 has type 'long int' [-Wformat=]
../../MyApp/AurixRacer/0_Src/AppSw/Tricore/Algorithm/HandCode/Sensor.c:96:3: warning: format '%d' expects argument of type 'int', but argument 6 has type 'long int' [-Wformat=]
Building source file Vfd.c for Tricore
../../MyApp/AurixRacer/0_Src/AppSw/Tricore/Algorithm/HandCode/Vfd.c: In function 'VfdDataLoad':
../../MyApp/AurixRacer/0_Src/AppSw/Tricore/Algorithm/HandCode/Vfd.c:214:5: warning: array subscript has type 'char' [-Wchar-subscripts]
     ConverData |= ((FontData[*Buff][i]>> y) & 0x01) << (6-y);
     ^
Building output 2_Out/Tricore_Gnuc/AurixRacer_SB_TC27D_Tc.elf
Building output 2_Out/Tricore_Gnuc/AurixRacer_SB_TC27D_Tc.hex
